[Message:   BepInEx] BepInEx 5.4.22.0 - Lethal Company (2023/12/30 1:24:06)
[Info   :   BepInEx] Running under Unity v2022.3.9.15351836
[Info   :   BepInEx] CLR runtime version: 4.0.30319.42000
[Info   :   BepInEx] Supports SRE: True
[Info   :   BepInEx] System platform: Bits64, Windows
[Message:   BepInEx] Preloader started
[Info   :   BepInEx] Loaded 1 patcher method from [BepInEx.Preloader 5.4.22.0]
[Info   :   BepInEx] Loaded 1 patcher method from [BepInEx.MonoMod.HookGenPatcher 1.2.1.0]
[Info   :   BepInEx] 2 patcher plugins loaded
[Info   :HookGenPatcher] Previous MMHOOK location found. Using that location to save instead.
[Info   :HookGenPatcher] Already ran for this version, reusing that file.
[Info   :HookGenPatcher] Previous MMHOOK location found. Using that location to save instead.
[Info   :HookGenPatcher] Already ran for this version, reusing that file.
[Info   :HookGenPatcher] Previous MMHOOK location found. Using that location to save instead.
[Info   :HookGenPatcher] Already ran for this version, reusing that file.
[Info   :HookGenPatcher] Previous MMHOOK location found. Using that location to save instead.
[Info   :HookGenPatcher] Already ran for this version, reusing that file.
[Info   :HookGenPatcher] Previous MMHOOK location found. Using that location to save instead.
[Info   :HookGenPatcher] Already ran for this version, reusing that file.
[Info   :HookGenPatcher] Previous MMHOOK location found. Using that location to save instead.
[Info   :HookGenPatcher] Already ran for this version, reusing that file.
[Info   :   BepInEx] Patching [UnityEngine.CoreModule] with [BepInEx.Chainloader]
[Message:   BepInEx] Preloader finished
[Message:   BepInEx] Chainloader ready
[Message:   BepInEx] Chainloader started
[Info   :   BepInEx] 35 plugins to load
[Info   :   BepInEx] Loading [VoiceHUD 1.0.4]
[Info   :   BepInEx] Loading [BoomboxSyncFix 1.1.0]
[Info   :BoomboxSyncFix] Plugin BoomboxSyncFix has loaded!
[Info   :   BepInEx] Loading [Lethal Company API 3.3.2]
[Warning:Lethal Company API] 
.____    _________           _____  __________ .___  
|    |   \_   ___ \         /  _  \ \______   \|   | 
|    |   /    \  \/        /  /_\  \ |     ___/|   | 
|    |___\     \____      /    |    \|    |    |   | 
|_______ \\______  /______\____|__  /|____|    |___| 
        \/       \//_____/        \/                 
                                                     
[Info   :Lethal Company API] LC_API Starting up..
[Info   :   BepInEx] Loading [Coroner 1.5.3]
[Info   :   Coroner] Injecting patch into Landmine.SpawnExplosion...
[Info   :   Coroner] Done.
[Info   :   Coroner] Plugin Coroner (com.elitemastereric.coroner) is loaded!
[Info   :   Coroner] Coroner Language Support: en
[Info   :   Coroner] Checking for LC_API...
[Info   :   Coroner] LCAPI is present! LC_API:3.3.2
[Info   :   BepInEx] Loading [ShipLobby 1.0.2]
[Info   :   BepInEx] Loading [Custom Boombox Music 1.4.0]
[Info   :Custom Boombox Music] Loading...
[Info   :Custom Boombox Music] Created directory at E:\Game\Mod\LC\R2\LethalCompany\profiles\1217\BepInEx\Custom Songs\Boombox Music
[Info   :Custom Boombox Music] Initializing config...
[Info   :Custom Boombox Music] Config initialized!
[Info   :Custom Boombox Music] Loading Complete!
[Info   :   BepInEx] Loading [CrossHair 1.0.5]
[Info   : CrossHair] Plugin CrossHair is loaded!
[Info   :   BepInEx] Loading [ItemQuickSwitchMod 1.1.0]
[Info   :ItemQuickSwitchMod] ItemQuickSwitchMod is creating binds!
[Info   :ItemQuickSwitchMod] Plugin ItemQuickSwitchMod is loaded!
[Info   :   BepInEx] Loading [BetterStamina 1.3.2]
[Info   :BetterStamina] BindingConfigs
[Info   :BetterStamina] BetterStamina loaded
[Info   :   BepInEx] Loading [ObjectVolumeController 1.0.4]
[Info   :ObjectVolumeController] BindingConfigs
[Info   :ObjectVolumeController] ObjectVolumeController loaded
[Info   :   BepInEx] Loading [ReservedItemSlotCore 1.8.9]
[Info   :ReservedItemSlotCore-1.8.9] BindingConfigs
[Info   :ReservedItemSlotCore-1.8.9] Cleaning old config entries
[Warning:  HarmonyX] AccessTools.GetTypesFromAssembly: assembly ReservedItemSlotCore, Version=1.0.0.0, Culture=neutral, PublicKeyToken=null => System.Reflection.ReflectionTypeLoadException: Exception of type 'System.Reflection.ReflectionTypeLoadException' was thrown.
Could not load file or assembly 'LethalCompanyInputUtils, Version=1.0.0.0, Culture=neutral, PublicKeyToken=null' or one of its dependencies.
  at (wrapper managed-to-native) System.Reflection.Assembly.GetTypes(System.Reflection.Assembly,bool)
  at System.Reflection.Assembly.GetTypes () [0x00000] in <787acc3c9a4c471ba7d971300105af24>:0 
  at HarmonyLib.AccessTools.GetTypesFromAssembly (System.Reflection.Assembly assembly) [0x0000d] in <474744d65d8e460fa08cd5fd82b5d65f>:0 
System.IO.FileNotFoundException: Could not load file or assembly 'LethalCompanyInputUtils, Version=1.0.0.0, Culture=neutral, PublicKeyToken=null' or one of its dependencies.
File name: 'LethalCompanyInputUtils, Version=1.0.0.0, Culture=neutral, PublicKeyToken=null'
[Info   :ReservedItemSlotCore-1.8.9] ReservedItemSlotCore loaded
[Info   :   BepInEx] Loading [ReservedFlashlightSlot 1.5.9]
[Info   :ReservedFlashlightSlot] BindingConfigs
[Info   :ReservedFlashlightSlot] Cleaning old config entries
[Warning:  HarmonyX] AccessTools.GetTypesFromAssembly: assembly ReservedFlashlightSlot, Version=1.0.0.0, Culture=neutral, PublicKeyToken=null => System.Reflection.ReflectionTypeLoadException: Exception of type 'System.Reflection.ReflectionTypeLoadException' was thrown.
Could not load file or assembly 'LethalCompanyInputUtils, Version=1.0.0.0, Culture=neutral, PublicKeyToken=null' or one of its dependencies.
  at (wrapper managed-to-native) System.Reflection.Assembly.GetTypes(System.Reflection.Assembly,bool)
  at System.Reflection.Assembly.GetTypes () [0x00000] in <787acc3c9a4c471ba7d971300105af24>:0 
  at HarmonyLib.AccessTools.GetTypesFromAssembly (System.Reflection.Assembly assembly) [0x0000d] in <474744d65d8e460fa08cd5fd82b5d65f>:0 
System.IO.FileNotFoundException: Could not load file or assembly 'LethalCompanyInputUtils, Version=1.0.0.0, Culture=neutral, PublicKeyToken=null' or one of its dependencies.
File name: 'LethalCompanyInputUtils, Version=1.0.0.0, Culture=neutral, PublicKeyToken=null'
[Info   :ReservedFlashlightSlot] ReservedFlashlightSlot loaded
[Info   :   BepInEx] Loading [ReservedWalkieSlot 1.5.5]
[Info   :ReservedWalkieSlot] BindingConfigs
[Info   :ReservedWalkieSlot] Cleaning old config entries
[Warning:  HarmonyX] AccessTools.GetTypesFromAssembly: assembly ReservedWalkieSlot, Version=1.0.0.0, Culture=neutral, PublicKeyToken=null => System.Reflection.ReflectionTypeLoadException: Exception of type 'System.Reflection.ReflectionTypeLoadException' was thrown.
Could not load file or assembly 'LethalCompanyInputUtils, Version=1.0.0.0, Culture=neutral, PublicKeyToken=null' or one of its dependencies.
  at (wrapper managed-to-native) System.Reflection.Assembly.GetTypes(System.Reflection.Assembly,bool)
  at System.Reflection.Assembly.GetTypes () [0x00000] in <787acc3c9a4c471ba7d971300105af24>:0 
  at HarmonyLib.AccessTools.GetTypesFromAssembly (System.Reflection.Assembly assembly) [0x0000d] in <474744d65d8e460fa08cd5fd82b5d65f>:0 
System.IO.FileNotFoundException: Could not load file or assembly 'LethalCompanyInputUtils, Version=1.0.0.0, Culture=neutral, PublicKeyToken=null' or one of its dependencies.
File name: 'LethalCompanyInputUtils, Version=1.0.0.0, Culture=neutral, PublicKeyToken=null'
[Info   :ReservedWalkieSlot] ReservedWalkieSlot loaded
[Info   :   BepInEx] Loading [WirelessCharging 1.0.0]
[Info   :floof.WirelessCharging] WirelessCharging active kiwicute
[Info   :   BepInEx] Loading [Dynamic Deadline 1.2.2]
[Info   :Dynamic Deadline] No more short deadlines for excessive quotas.
[Info   :   BepInEx] Loading [Suit Saver 1.1.2]
[Info   :   BepInEx] Loading [HideModList 1.0.0]
[Info   :HideModList] Plugin HideModList is loaded!
[Info   :   BepInEx] Loading [HoldScanButton 1.1.1]
[Info   :HoldScanButton] Plugin HoldScanButton has loaded!
[Info   :   BepInEx] Loading [LethalPresents 1.0.4]
[Info   :LethalPresents] Plugin LethalPresents is loaded!
[Info   :LethalPresents] Following enemies wont be spawned from the gift:
[Info   :LethalPresents] 
[Info   :   BepInEx] Loading [LocalizationCore_BepinEx6 1.0.0]
[Info   :LocalizationCore_BepinEx6] Initialize Start
[Info   :LocalizationCore_BepinEx6] Load Resource
[Info   :LocalizationCore_BepinEx6] Load Online Text
[Info   :LocalizationCore_BepinEx6] None Online Text , Use Local Online Text
[Info   :LocalizationCore_BepinEx6] Success Load 2114 Local Online Text
[Info   :LocalizationCore_BepinEx6] Load Online Feature Text
[Info   :LocalizationCore_BepinEx6] None Online Feature Text , Use Local Online Feature Text
[Info   :LocalizationCore_BepinEx6] Success Load 120 Local Online Feature Text
[Info   :LocalizationCore_BepinEx6] Load Online Map
[Info   :LocalizationCore_BepinEx6] Load Online Map Fail, Use Local Map.
[Info   :LocalizationCore_BepinEx6] Load Core
[Info   :LocalizationCore_BepinEx6] Initialize Success
[Info   :   BepInEx] Loading [MoreCompany 1.7.4]
[Info   :MoreCompany] Loading MoreCompany...
[Info   :MoreCompany] Checking: E:\Game\Mod\LC\R2\LethalCompany\profiles\1217\BepInEx\plugins/MoreCompanyCosmetics
[Info   :MoreCompany] Read settings and cosmetics
[Info   :MoreCompany] Loaded cosmetic: builtin.3dglasses from bundle
[Info   :MoreCompany] Loaded cosmetic: builtin.bunnyears from bundle
[Info   :MoreCompany] Loaded cosmetic: builtin.denimhat from bundle
[Info   :MoreCompany] Loaded cosmetic: builtin.fancyglasses from bundle
[Info   :MoreCompany] Loaded cosmetic: builtin.partyglasses from bundle
[Info   :MoreCompany] Loaded cosmetic: builtin.gunholster from bundle
[Info   :MoreCompany] Loaded cosmetic: builtin.hardhat from bundle
[Info   :MoreCompany] Loaded cosmetic: builtin.jesterhat from bundle
[Info   :MoreCompany] Loaded cosmetic: builtin.kittyears from bundle
[Info   :MoreCompany] Loaded cosmetic: builtin.mimemask from bundle
[Info   :MoreCompany] Loaded cosmetic: builtin.fancypants from bundle
[Info   :MoreCompany] Loaded cosmetic: builtin.outoforder from bundle
[Info   :MoreCompany] Loaded cosmetic: builtin.partyhat from bundle
[Info   :MoreCompany] Loaded cosmetic: builtin.plaguemask from bundle
[Info   :MoreCompany] Loaded cosmetic: builtin.propellerhat from bundle
[Info   :MoreCompany] Loaded cosmetic: builtin.eyeballs from bundle
[Info   :MoreCompany] Loaded cosmetic: builtin.rudolph from bundle
[Info   :MoreCompany] Loaded cosmetic: builtin.santahat from bundle
[Info   :MoreCompany] Loaded cosmetic: builtin.slimething from bundle
[Info   :MoreCompany] Loaded cosmetic: builtin.tophat from bundle
[Info   :MoreCompany] Loaded cosmetic: builtin.watch from bundle
[Info   :MoreCompany] Loading USER COSMETICS...
[Info   :MoreCompany] Loaded cosmetic: wackycosmetics.burningflamesteamcaptain from bundle
[Info   :MoreCompany] Loaded cosmetic: wackycosmetics.dominusempyreus from bundle
[Info   :MoreCompany] Loaded cosmetic: wackycosmetics.maxwell from bundle
[Info   :MoreCompany] Loaded cosmetic: wackycosmetics.oscar from bundle
[Info   :MoreCompany] Loaded cosmetic: wackycosmetics.tbhcreature from bundle
[Info   :MoreCompany] Loaded cosmetic: wackycosmetics.toweringpillarofhats from bundle
[Info   :MoreCompany] Loaded cosmetic: wackycosmetics.valkyriehelm from bundle
[Info   :MoreCompany] Loaded MoreCompany FULLY
[Info   :   BepInEx] Loading [MaskedEnemyRework 2.4.0]
[Info   :MaskedEnemyRework] Plugin MaskedEnemyRework is loaded! Woohoo!
[Info   :   BepInEx] Loading [Elads HUD 1.1.0]
[Info   : Elads HUD] Plugin Elad's HUD is loaded!
[Info   :   BepInEx] Loading [RuntimeNetcodeRPCValidator 0.2.5]
[Info   :   BepInEx] Loading [MoreEmotes-Sligili 1.3.3]
[Info   :MoreEmotes-Sligili] MoreEmotes loaded
[Info   :RuntimeNetcodeRPCValidator] Patched 1 ServerRPC & 1 ClientRPC on NetworkBehaviour SignEmoteText.
[Info   :RuntimeNetcodeRPCValidator] Patched 1 ServerRPC & 1 ClientRPC on NetworkBehaviour SyncAnimatorToOthers.
[Info   :RuntimeNetcodeRPCValidator] Successfully registered first patch for type PlayerControllerB.Awake | Triggered by MoreEmotes
[Info   :   BepInEx] Loading [MoreItems 1.0.2]
[Info   : MoreItems] Plugin MoreItems is loaded!
[Info   :   BepInEx] Loading [BepInUtils 1.2.1]
[Info   :BepInUtils] System loaded.
[Info   :   BepInEx] Loading [Lethal Company API 0.0.5]
[Info   :   BepInEx] Loading [Cabinet Item Storage 0.0.4]
[Info   :   BepInEx] Loading [Skinwalker Mod 2.0.7]
[Info   :RugbugRedfern.SkinwalkerMod] SKINWALKER MOD STARTING UP 2.0.7
[Info   :RugbugRedfern.SkinwalkerMod] VoiceEnabled_BaboonHawk VALUE LOADED FROM CONFIG: [True]
[Info   :RugbugRedfern.SkinwalkerMod] VoiceEnabled_Bracken VALUE LOADED FROM CONFIG: [True]
[Info   :RugbugRedfern.SkinwalkerMod] VoiceEnabled_BunkerSpider VALUE LOADED FROM CONFIG: [True]
[Info   :RugbugRedfern.SkinwalkerMod] VoiceEnabled_Centipede VALUE LOADED FROM CONFIG: [True]
[Info   :RugbugRedfern.SkinwalkerMod] VoiceEnabled_CoilHead VALUE LOADED FROM CONFIG: [True]
[Info   :RugbugRedfern.SkinwalkerMod] VoiceEnabled_EyelessDog VALUE LOADED FROM CONFIG: [True]
[Info   :RugbugRedfern.SkinwalkerMod] VoiceEnabled_ForestGiant VALUE LOADED FROM CONFIG: [False]
[Info   :RugbugRedfern.SkinwalkerMod] VoiceEnabled_GhostGirl VALUE LOADED FROM CONFIG: [True]
[Info   :RugbugRedfern.SkinwalkerMod] VoiceEnabled_GiantWorm VALUE LOADED FROM CONFIG: [False]
[Info   :RugbugRedfern.SkinwalkerMod] VoiceEnabled_HoardingBug VALUE LOADED FROM CONFIG: [True]
[Info   :RugbugRedfern.SkinwalkerMod] VoiceEnabled_Hygrodere VALUE LOADED FROM CONFIG: [False]
[Info   :RugbugRedfern.SkinwalkerMod] VoiceEnabled_Jester VALUE LOADED FROM CONFIG: [True]
[Info   :RugbugRedfern.SkinwalkerMod] VoiceEnabled_Masked VALUE LOADED FROM CONFIG: [True]
[Info   :RugbugRedfern.SkinwalkerMod] VoiceEnabled_Nutcracker VALUE LOADED FROM CONFIG: [True]
[Info   :RugbugRedfern.SkinwalkerMod] VoiceEnabled_SporeLizard VALUE LOADED FROM CONFIG: [True]
[Info   :RugbugRedfern.SkinwalkerMod] VoiceEnabled_Thumper VALUE LOADED FROM CONFIG: [True]
[Info   :RugbugRedfern.SkinwalkerMod] VoiceEnabled_OtherEnemies VALUE LOADED FROM CONFIG: [True]
[Info   :RugbugRedfern.SkinwalkerMod] VoiceLineFrequency VALUE LOADED FROM CONFIG: [2]
[Info   :RugbugRedfern.SkinwalkerMod] Skinwalker Mod Object Initialized
[Info   :   BepInEx] Loading [LC Always Hear Active Walkies 1.4.4]
[Info   :suskitech.LCAlwaysHearActiveWalkie] \ /
[Info   :suskitech.LCAlwaysHearActiveWalkie] /|\
[Info   :suskitech.LCAlwaysHearActiveWalkie]  |----|
[Info   :suskitech.LCAlwaysHearActiveWalkie]  |[__]| Always Hear Active Walkies
[Info   :suskitech.LCAlwaysHearActiveWalkie]  |.  .| Version 1.4.4 Loaded
[Info   :suskitech.LCAlwaysHearActiveWalkie]  |____|
[Info   :suskitech.LCAlwaysHearActiveWalkie] 
[Info   :suskitech.LCAlwaysHearActiveWalkie] AudibleDistance: 12
[Info   :suskitech.LCAlwaysHearActiveWalkie] WalkieRecordingRange: 20
[Info   :suskitech.LCAlwaysHearActiveWalkie] PlayerToPlayerSpatialHearingRange: 20
[Info   :   BepInEx] Loading [CoilHeadStare 1.0.3]
[Info   :TDP.CoilHeadStare] CoilHeadStare 1.0.3 loaded.
[Info   :   BepInEx] Loading [More Suits 1.4.1]
[Info   :More Suits] Plugin More Suits is loaded!
[Info   :   BepInEx] Loading [Too Many Suits 1.0.5]
[Info   :Too Many Suits] TooManySuits Mod Loaded.
[Info   :   BepInEx] Loading [Mimics 2.3.2]
[Info   :    Mimics] Plugin Mimics is loaded!
[Message:   BepInEx] Chainloader startup complete
[Info   :Lethal Company API] LC_API Started!
[Info   :ReservedFlashlightSlot] Initializing hotkeys.
[Info   :ReservedWalkieSlot] Initializing hotkeys.
[Info   :RugbugRedfern.SkinwalkerMod] Audio folder not present. Don't worry about it, it will be created automatically when you play with friends. (D:/SteamLibrary/steamapps/common/Lethal Company/Lethal Company_Data\..\Dissonance_Diagnostics)
[Info   :RugbugRedfern.SkinwalkerMod] Audio folder not present. Don't worry about it, it will be created automatically when you play with friends. (D:/SteamLibrary/steamapps/common/Lethal Company/Lethal Company_Data\..\Dissonance_Diagnostics)
